Installer version 3.2.0 (windows)
Using Locale: en_US
Fetched the SDK download mirror URL from the CGI.
SDK version Apache Flex SDK 4.9.1
AIR version 15.0
Flash Player version 15.0
Creating Apache Flex home
Creating temporary directory
Downloading Apache Flex SDK from: http://archive.apache.org/dist/flex/4.9.1/binaries/apache-flex-sdk-4.9.1-bin.zip
Verifying Apache Flex SDK MD5 Signature
The Apache Flex SDK MD5 Signature of the downloaded files matches the reference. The file is valid.
Uncompressing: C:\flex2\temp\apache-flex-sdk-4.9.1-bin.zip
Finished uncompressing: C:\flex2\temp\apache-flex-sdk-4.9.1-bin.zip
Downloading Adobe AIR Runtime Kit for Windows from: http://airdownload.adobe.com/air/win/download/15.0/AdobeAIRSDK.zip
Uncompressing: C:\flex2\temp\AdobeAIRSDK.zip
Finished uncompressing: C:\flex2\temp\AdobeAIRSDK.zip
Installing Adobe Flash Player playerglobal.swc from: http://download.macromedia.com/get/flashplayer/updaters/15/playerglobal15_0.swc
Installing frameworks configuration files configured for use with an IDE
Downloading swfobject_2_2.zip from: http://swfobject.googlecode.com/files/
Download complete 
Downloading osmf.swc from: http://flex.apache.org/dependencies/osmf1/
Downloading afe.jar from: http://flex.apache.org/dependencies/
Downloading aglj40.jar from: http://flex.apache.org/dependencies/
Downloading flex-fontkit.jar from: http://flex.apache.org/dependencies/
Downloading rideau.jar from: http://flex.apache.org/dependencies/
Installation complete
